Copyright 1986-2020 Xilinx, Inc. All Rights Reserved.
--------------------------------------------------------------------------------------
| Tool Version : Vivado v.2020.2 (win64) Build 3064766 Wed Nov 18 09:12:45 MST 2020
| Date         : Mon Oct  4 16:56:32 2021
| Host         : DESKTOP-P2TKCK6 running 64-bit major release  (build 9200)
| Command      : report_control_sets -verbose -file Vend_Main_control_sets_placed.rpt
| Design       : Vend_Main
| Device       : xc7a35t
--------------------------------------------------------------------------------------

Control Set Information

Table of Contents
-----------------
1. Summary
2. Histogram
3. Flip-Flop Distribution
4. Detailed Control Set Information

1. Summary
----------

+----------------------------------------------------------+-------+
|                          Status                          | Count |
+----------------------------------------------------------+-------+
| Total control sets                                       |    10 |
|    Minimum number of control sets                        |    10 |
|    Addition due to synthesis replication                 |     0 |
|    Addition due to physical synthesis replication        |     0 |
| Unused register locations in slices containing registers |    42 |
+----------------------------------------------------------+-------+
* Control sets can be merged at opt_design using control_set_merge or merge_equivalent_drivers
** Run report_qor_suggestions for automated merging and remapping suggestions


2. Histogram
------------

+--------------------+-------+
|       Fanout       | Count |
+--------------------+-------+
| Total control sets |    10 |
| >= 0 to < 4        |     6 |
| >= 4 to < 6        |     0 |
| >= 6 to < 8        |     1 |
| >= 8 to < 10       |     1 |
| >= 10 to < 12      |     0 |
| >= 12 to < 14      |     0 |
| >= 14 to < 16      |     0 |
| >= 16              |     2 |
+--------------------+-------+
* Control sets can be remapped at either synth_design or opt_design


3. Flip-Flop Distribution
-------------------------

+--------------+-----------------------+------------------------+-----------------+--------------+
| Clock Enable | Synchronous Set/Reset | Asynchronous Set/Reset | Total Registers | Total Slices |
+--------------+-----------------------+------------------------+-----------------+--------------+
| No           | No                    | No                     |              10 |            8 |
| No           | No                    | Yes                    |               0 |            0 |
| No           | Yes                   | No                     |              36 |           12 |
| Yes          | No                    | No                     |               0 |            0 |
| Yes          | No                    | Yes                    |               0 |            0 |
| Yes          | Yes                   | No                     |              40 |           10 |
+--------------+-----------------------+------------------------+-----------------+--------------+


4. Detailed Control Set Information
-----------------------------------

+-----------------------------+-----------------------------+-----------------------------+------------------+----------------+--------------+
|         Clock Signal        |        Enable Signal        |       Set/Reset Signal      | Slice Load Count | Bel Load Count | Bels / Slice |
+-----------------------------+-----------------------------+-----------------------------+------------------+----------------+--------------+
|  foursDigit_reg[0]/G0       |                             |                             |                1 |              1 |         1.00 |
|  threesDigit_reg[0]_i_2_n_0 |                             | foursDigit1__0              |                1 |              1 |         1.00 |
|  threesDigit_reg[1]_i_2_n_0 |                             | threesDigit_reg[1]_i_3_n_0  |                1 |              1 |         1.00 |
|  threesDigit_reg[2]_i_2_n_0 |                             | threesDigit_reg[2]_i_3_n_0  |                1 |              1 |         1.00 |
|  threesDigit_reg[3]_i_2_n_0 |                             | threesDigit_reg[3]_i_3_n_0  |                1 |              1 |         1.00 |
|  onesDigit_reg[2]_i_2_n_0   |                             |                             |                1 |              2 |         2.00 |
|  Clk_IBUF_BUFG              |                             |                             |                6 |              7 |         1.17 |
|  Clk_IBUF_BUFG              | productDispensed[7]_i_2_n_0 | productDispensed[7]_i_1_n_0 |                2 |              8 |         4.00 |
|  Clk_IBUF_BUFG              |                             | clear                       |                8 |             32 |         4.00 |
|  money0_BUFG                | money[0]_i_2_n_0            | money                       |                8 |             32 |         4.00 |
+-----------------------------+-----------------------------+-----------------------------+------------------+----------------+--------------+


